::1 - - [07/Feb/2024:22:12:00 +0000] "GET /api/carts HTTP/1.1" 404 38
::1 - - [07/Feb/2024:22:12:02 +0000] "GET /api/carts HTTP/1.1" 404 38
::1 - - [07/Feb/2024:22:12:02 +0000] "GET /api/carts HTTP/1.1" 404 38
::1 - - [07/Feb/2024:22:12:07 +0000] "POST /api/wishlist HTTP/1.1" 404 58
::1 - - [07/Feb/2024:22:12:09 +0000] "POST /api/wishlist HTTP/1.1" 404 58
::1 - - [07/Feb/2024:22:12:40 +0000] "POST /api/carts HTTP/1.1" 404 34
::1 - - [07/Feb/2024:22:13:14 +0000] "POST /api/wishlist HTTP/1.1" 404 58
::1 - - [07/Feb/2024:22:13:15 +0000] "POST /api/wishlist HTTP/1.1" 404 58
::1 - - [07/Feb/2024:22:13:15 +0000] "POST /api/wishlist HTTP/1.1" 404 58
::1 - - [07/Feb/2024:22:13:16 +0000] "POST /api/carts HTTP/1.1" 404 34
::1 - - [07/Feb/2024:22:13:17 +0000] "POST /api/carts HTTP/1.1" 404 34
::1 - - [07/Feb/2024:22:13:18 +0000] "POST /api/wishlist HTTP/1.1" 404 58
::1 - - [07/Feb/2024:22:13:18 +0000] "POST /api/wishlist HTTP/1.1" 404 58
::1 - - [07/Feb/2024:22:13:24 +0000] "POST /api/carts HTTP/1.1" 404 34
::1 - - [07/Feb/2024:22:13:25 +0000] "POST /api/carts HTTP/1.1" 404 34
::1 - - [07/Feb/2024:22:13:25 +0000] "POST /api/wishlist HTTP/1.1" 404 58
::1 - - [07/Feb/2024:22:13:25 +0000] "POST /api/wishlist HTTP/1.1" 404 58
::1 - - [07/Feb/2024:22:13:26 +0000] "POST /api/carts HTTP/1.1" 404 34
::1 - - [07/Feb/2024:22:13:26 +0000] "POST /api/carts HTTP/1.1" 404 34
::1 - - [07/Feb/2024:22:13:36 +0000] "GET /api/carts HTTP/1.1" 404 38
::1 - - [07/Feb/2024:22:13:36 +0000] "GET /api/carts HTTP/1.1" 404 38
::1 - - [07/Feb/2024:22:15:38 +0000] "GET /api/carts HTTP/1.1" 404 38
::1 - - [07/Feb/2024:22:15:38 +0000] "GET /api/carts HTTP/1.1" 404 38
::1 - - [07/Feb/2024:22:17:33 +0000] "GET /api/carts HTTP/1.1" 404 38
::1 - - [07/Feb/2024:22:17:33 +0000] "GET /api/carts HTTP/1.1" 404 38
::1 - - [07/Feb/2024:22:17:43 +0000] "GET /api/carts HTTP/1.1" 404 38
::1 - - [07/Feb/2024:22:17:43 +0000] "GET /api/carts HTTP/1.1" 404 38
::1 - - [07/Feb/2024:22:18:34 +0000] "GET /api/carts HTTP/1.1" 404 38
::1 - - [07/Feb/2024:22:18:34 +0000] "GET /api/carts HTTP/1.1" 404 38
::1 - - [07/Feb/2024:22:18:59 +0000] "GET /api/carts HTTP/1.1" 404 38
::1 - - [07/Feb/2024:22:18:59 +0000] "GET /api/carts HTTP/1.1" 404 38
::1 - - [07/Feb/2024:22:19:04 +0000] "POST /api/wishlist HTTP/1.1" 404 58
::1 - - [07/Feb/2024:22:19:04 +0000] "POST /api/wishlist HTTP/1.1" 404 58
::1 - - [07/Feb/2024:22:21:18 +0000] "POST /api/wishlist HTTP/1.1" 404 58
::1 - - [07/Feb/2024:22:21:19 +0000] "POST /api/wishlist HTTP/1.1" 404 58
::1 - - [07/Feb/2024:22:21:22 +0000] "POST /api/carts HTTP/1.1" 404 34
::1 - - [07/Feb/2024:22:21:22 +0000] "POST /api/carts HTTP/1.1" 404 34
::1 - - [08/Feb/2024:09:27:34 +0000] "GET /api/carts HTTP/1.1" 404 38
::1 - - [08/Feb/2024:09:29:04 +0000] "GET /api/carts HTTP/1.1" 404 38
::1 - - [08/Feb/2024:09:29:04 +0000] "GET /api/carts HTTP/1.1" 404 38
::1 - - [08/Feb/2024:09:29:07 +0000] "GET /api/carts HTTP/1.1" 404 38
::1 - - [08/Feb/2024:09:29:07 +0000] "GET /api/carts HTTP/1.1" 404 38
::1 - - [08/Feb/2024:09:29:56 +0000] "GET /api/carts HTTP/1.1" 404 38
::1 - - [08/Feb/2024:09:29:56 +0000] "GET /api/carts HTTP/1.1" 404 38
::1 - - [08/Feb/2024:09:29:58 +0000] "GET /api/products/smartphones HTTP/1.1" 400 283
::1 - - [08/Feb/2024:09:29:58 +0000] "GET /api/products/smartphones HTTP/1.1" 400 283
::1 - - [08/Feb/2024:09:31:36 +0000] "GET /api/carts HTTP/1.1" 404 38
::1 - - [08/Feb/2024:09:31:37 +0000] "GET /api/carts HTTP/1.1" 404 38
::1 - - [08/Feb/2024:09:31:44 +0000] "GET /api/carts HTTP/1.1" 404 38
::1 - - [08/Feb/2024:09:31:44 +0000] "GET /api/carts HTTP/1.1" 404 38
::1 - - [08/Feb/2024:09:31:46 +0000] "GET /api/carts HTTP/1.1" 404 38
::1 - - [08/Feb/2024:09:31:46 +0000] "GET /api/carts HTTP/1.1" 404 38
::1 - - [08/Feb/2024:09:32:08 +0000] "GET /api/carts HTTP/1.1" 404 38
::1 - - [08/Feb/2024:09:32:08 +0000] "GET /api/carts HTTP/1.1" 404 38
::1 - - [08/Feb/2024:09:36:24 +0000] "POST /api/wishlist HTTP/1.1" 404 58
::1 - - [08/Feb/2024:09:36:31 +0000] "POST /api/wishlist HTTP/1.1" 404 58
::1 - - [08/Feb/2024:16:45:47 +0000] "GET /api/users HTTP/1.1" 400 2
::1 - - [08/Feb/2024:16:45:47 +0000] "GET /api/users HTTP/1.1" 400 2
::1 - - [08/Feb/2024:16:46:45 +0000] "GET /api/users HTTP/1.1" 400 2
::1 - - [08/Feb/2024:17:05:37 +0000] "POST /api/users/login HTTP/1.1" 404 58
::1 - - [08/Feb/2024:17:06:18 +0000] "POST /api/users/login HTTP/1.1" 404 58
::1 - - [08/Feb/2024:20:58:30 +0000] "POST /api/products HTTP/1.1" 400 589
::1 - - [08/Feb/2024:21:05:45 +0000] "GET /api/categories HTTP/1.1" 400 2
::1 - - [08/Feb/2024:21:05:45 +0000] "GET /api/categories HTTP/1.1" 400 2
::1 - - [08/Feb/2024:21:05:59 +0000] "GET /api/categories HTTP/1.1" 400 2
::1 - - [08/Feb/2024:21:05:59 +0000] "GET /api/categories HTTP/1.1" 400 2
::1 - - [08/Feb/2024:21:18:54 +0000] "POST /api/products HTTP/1.1" 400 542
::1 - - [08/Feb/2024:21:38:01 +0000] "POST /api/products HTTP/1.1" 400 536
