::1 - - [24/Dec/2023:09:03:33 +0000] "GET /api/users/profile HTTP/1.1" 400 2
::1 - - [24/Dec/2023:09:04:17 +0000] "GET /api/users/6583dfd41d1fd3997fb1aabd HTTP/1.1" 400 2
::1 - - [24/Dec/2023:09:04:17 +0000] "GET /api/users/6583dfd41d1fd3997fb1aabd HTTP/1.1" 400 2
::1 - - [24/Dec/2023:09:09:32 +0000] "GET /api/users/6583dfd41d1fd3997fb1aabd HTTP/1.1" 400 2
::1 - - [24/Dec/2023:09:09:32 +0000] "GET /api/users/6583dfd41d1fd3997fb1aabd HTTP/1.1" 400 2
::1 - - [24/Dec/2023:09:16:16 +0000] "POST /api/users/login HTTP/1.1" 400 2
::1 - - [24/Dec/2023:09:17:19 +0000] "POST /api/users/login HTTP/1.1" 400 2
::1 - - [24/Dec/2023:09:18:11 +0000] "POST /api/users/login HTTP/1.1" 400 2
::1 - - [24/Dec/2023:09:28:10 +0000] "POST /api/users/login HTTP/1.1" 400 2
::1 - - [24/Dec/2023:09:42:05 +0000] "POST /api/users/login HTTP/1.1" 400 2
::1 - - [24/Dec/2023:09:42:18 +0000] "POST /api/users/login HTTP/1.1" 400 2
::1 - - [24/Dec/2023:09:44:56 +0000] "POST /api/users/login HTTP/1.1" 400 2
::1 - - [24/Dec/2023:09:46:03 +0000] "GET /api/users/6583dfd41d1fd3997fb1aabd HTTP/1.1" 400 2
::1 - - [24/Dec/2023:09:46:03 +0000] "GET /api/users/6583dfd41d1fd3997fb1aabd HTTP/1.1" 400 2
::1 - - [24/Dec/2023:09:46:41 +0000] "POST /api/users/login HTTP/1.1" 400 2
::1 - - [24/Dec/2023:09:46:56 +0000] "GET /api/users/6583dfd41d1fd3997fb1aabd HTTP/1.1" 400 2
::1 - - [24/Dec/2023:09:47:24 +0000] "GET /api/users/6583dfd41d1fd3997fb1aabd HTTP/1.1" 400 2
::1 - - [24/Dec/2023:10:05:17 +0000] "POST /api/users/login HTTP/1.1" 400 2
::1 - - [24/Dec/2023:10:06:13 +0000] "POST /api/users/login HTTP/1.1" 400 2
::1 - - [24/Dec/2023:10:07:31 +0000] "POST /api/users/login HTTP/1.1" 400 2
::1 - - [24/Dec/2023:10:09:48 +0000] "POST /api/users/login HTTP/1.1" 400 2
::1 - - [24/Dec/2023:10:13:27 +0000] "POST /api/users/login HTTP/1.1" 400 2
::1 - - [24/Dec/2023:10:14:21 +0000] "POST /api/users/login HTTP/1.1" 400 2
::1 - - [24/Dec/2023:10:16:19 +0000] "POST /api/users/login HTTP/1.1" 400 2
::1 - - [24/Dec/2023:10:17:40 +0000] "POST /api/users/login HTTP/1.1" 400 2
::1 - - [24/Dec/2023:12:19:16 +0000] "POST /api/users HTTP/1.1" 400 2
::1 - - [24/Dec/2023:12:21:39 +0000] "POST /api/users HTTP/1.1" 400 2
::1 - - [24/Dec/2023:12:21:57 +0000] "POST /api/users HTTP/1.1" 400 2
::1 - - [24/Dec/2023:12:23:06 +0000] "POST /api/users HTTP/1.1" 400 2
::1 - - [24/Dec/2023:12:30:29 +0000] "POST /api/users HTTP/1.1" 400 2
::1 - - [24/Dec/2023:12:31:05 +0000] "POST /api/users HTTP/1.1" 400 2
::1 - - [24/Dec/2023:12:31:39 +0000] "POST /api/users HTTP/1.1" 400 2
::1 - - [24/Dec/2023:12:31:41 +0000] "POST /api/users HTTP/1.1" 400 2
::1 - - [24/Dec/2023:12:32:18 +0000] "POST /api/users HTTP/1.1" 400 2
::1 - - [24/Dec/2023:12:32:45 +0000] "POST /api/users HTTP/1.1" 400 2
::1 - - [24/Dec/2023:12:33:51 +0000] "POST /api/users HTTP/1.1" 400 2
::1 - - [24/Dec/2023:12:36:23 +0000] "POST /api/users HTTP/1.1" 400 18
::1 - - [24/Dec/2023:12:37:08 +0000] "POST /api/users HTTP/1.1" 400 2
::1 - - [24/Dec/2023:12:39:48 +0000] "POST /api/users HTTP/1.1" 400 2
::1 - - [24/Dec/2023:13:08:25 +0000] "POST /api/users HTTP/1.1" 400 2
::1 - - [24/Dec/2023:13:09:54 +0000] "POST /api/users HTTP/1.1" 400 2
::1 - - [24/Dec/2023:13:12:06 +0000] "POST /api/users HTTP/1.1" 400 2
::1 - - [24/Dec/2023:13:21:07 +0000] "POST /api/users HTTP/1.1" 400 2
::1 - - [24/Dec/2023:14:14:52 +0000] "POST /api/users HTTP/1.1" 400 2
::1 - - [24/Dec/2023:14:15:11 +0000] "POST /api/users HTTP/1.1" 400 2
::1 - - [24/Dec/2023:14:15:40 +0000] "POST /api/users HTTP/1.1" 400 2
::1 - - [24/Dec/2023:14:16:40 +0000] "POST /api/users HTTP/1.1" 400 2
::1 - - [24/Dec/2023:14:18:03 +0000] "POST /api/users HTTP/1.1" 400 2
::1 - - [24/Dec/2023:14:24:14 +0000] "POST /api/users HTTP/1.1" 400 2
::1 - - [24/Dec/2023:14:25:50 +0000] "POST /api/users HTTP/1.1" 400 2
::1 - - [24/Dec/2023:14:49:50 +0000] "POST /api/users/login HTTP/1.1" 401 23
::1 - - [24/Dec/2023:14:49:57 +0000] "POST /api/users/login HTTP/1.1" 401 23
::1 - - [24/Dec/2023:14:50:02 +0000] "POST /api/users/login HTTP/1.1" 401 23
::1 - - [24/Dec/2023:14:50:07 +0000] "POST /api/users/login HTTP/1.1" 401 41
::1 - - [24/Dec/2023:14:51:59 +0000] "POST /api/users/login HTTP/1.1" 401 41
::1 - - [29/Jan/2024:13:48:39 +0000] "POST /api/users HTTP/1.1" 400 2
::1 - - [29/Jan/2024:13:49:51 +0000] "POST /api/users HTTP/1.1" 400 2
::1 - - [29/Jan/2024:13:54:13 +0000] "POST /api/users HTTP/1.1" 400 2
::1 - - [29/Jan/2024:13:56:08 +0000] "POST /api/users HTTP/1.1" 400 2
::1 - - [29/Jan/2024:13:56:24 +0000] "POST /api/users HTTP/1.1" 400 2
::1 - - [29/Jan/2024:14:42:05 +0000] "GET /api/products HTTP/1.1" 401 30
::1 - - [29/Jan/2024:15:57:53 +0000] "GET /api/products/64e37cfb5a327fa498679948 HTTP/1.1" 401 30
::1 - - [30/Jan/2024:10:12:08 +0000] "GET /api/products HTTP/1.1" 400 274
::1 - - [30/Jan/2024:10:12:09 +0000] "GET /api/products HTTP/1.1" 400 274
::1 - - [30/Jan/2024:10:16:18 +0000] "GET /api/products/ HTTP/1.1" 400 274
::1 - - [30/Jan/2024:10:19:59 +0000] "GET /api/products/ HTTP/1.1" 400 274
::1 - - [30/Jan/2024:12:26:31 +0000] "GET /api/products HTTP/1.1" 400 2
::1 - - [30/Jan/2024:12:26:41 +0000] "GET /api/products HTTP/1.1" 400 2
::1 - - [30/Jan/2024:12:26:51 +0000] "GET /api/products HTTP/1.1" 400 2
::1 - - [30/Jan/2024:12:26:51 +0000] "GET /api/products HTTP/1.1" 400 2
::1 - - [30/Jan/2024:12:27:41 +0000] "GET /api/products/ HTTP/1.1" 400 2
::1 - - [30/Jan/2024:12:33:04 +0000] "GET /api/products/ HTTP/1.1" 400 2
::1 - - [30/Jan/2024:12:33:52 +0000] "GET /api/products/ HTTP/1.1" 400 2
::1 - - [30/Jan/2024:12:41:16 +0000] "GET /api/products/ HTTP/1.1" 400 2
::1 - - [30/Jan/2024:12:46:28 +0000] "GET /api/products/ HTTP/1.1" 400 2
::1 - - [30/Jan/2024:12:46:45 +0000] "GET /api/products HTTP/1.1" 400 2
::1 - - [30/Jan/2024:12:48:52 +0000] "GET /api/products HTTP/1.1" 400 2
::1 - - [30/Jan/2024:12:58:30 +0000] "GET /api/products HTTP/1.1" 400 2
::1 - - [30/Jan/2024:13:02:22 +0000] "GET /api/products/65b8f264ded8fccc503dba43 HTTP/1.1" 401 30
::1 - - [30/Jan/2024:13:02:32 +0000] "GET /api/products/65b8f264ded8fccc503dba43 HTTP/1.1" 400 348
::1 - - [30/Jan/2024:13:04:30 +0000] "GET /api/products/65b8f264ded8fccc503dba43 HTTP/1.1" 400 366
::1 - - [30/Jan/2024:13:10:51 +0000] "GET /api/products/65b8f264ded8fccc503dba43 HTTP/1.1" 400 348
::1 - - [30/Jan/2024:13:11:56 +0000] "GET /api/products/65b8f264ded8fccc503dba43 HTTP/1.1" 400 348
::1 - - [30/Jan/2024:14:25:37 +0000] "GET /api/products/smartphones HTTP/1.1" 401 30
::1 - - [30/Jan/2024:14:25:48 +0000] "GET /api/products/smartphones HTTP/1.1" 401 30
::1 - - [30/Jan/2024:14:25:59 +0000] "GET /api/products/smartphones HTTP/1.1" 401 30
::1 - - [30/Jan/2024:14:25:59 +0000] "GET /api/products/smartphones HTTP/1.1" 401 30
::1 - - [30/Jan/2024:14:31:31 +0000] "GET /api/products/smartphones HTTP/1.1" 401 30
::1 - - [30/Jan/2024:14:31:31 +0000] "GET /api/products/smartphones HTTP/1.1" 401 30
::1 - - [30/Jan/2024:14:32:30 +0000] "GET /api/products/smartphones HTTP/1.1" 401 30
::1 - - [30/Jan/2024:14:32:33 +0000] "GET /api/products/smartphones HTTP/1.1" 401 30
::1 - - [30/Jan/2024:14:32:33 +0000] "GET /api/products/smartphones HTTP/1.1" 401 30
::1 - - [30/Jan/2024:14:33:46 +0000] "GET /api/products/smartphones HTTP/1.1" 400 283
