::1 - - [07/Feb/2024:14:10:33 +0000] "GET /api/products/65bb6de8ded8fccc503dbb21 HTTP/1.1" 401 30
::1 - - [07/Feb/2024:14:10:33 +0000] "GET /api/products/65bb6de8ded8fccc503dbb21 HTTP/1.1" 401 30
::1 - - [07/Feb/2024:14:10:55 +0000] "GET /api/products/65bb6de8ded8fccc503dbb21 HTTP/1.1" 401 30
::1 - - [07/Feb/2024:14:10:55 +0000] "GET /api/products/65bb6de8ded8fccc503dbb21 HTTP/1.1" 401 30
::1 - - [07/Feb/2024:14:11:09 +0000] "GET /api/products/65bb6de8ded8fccc503dbb21 HTTP/1.1" 401 30
::1 - - [07/Feb/2024:14:11:09 +0000] "GET /api/products/65bb6de8ded8fccc503dbb21 HTTP/1.1" 401 30
::1 - - [07/Feb/2024:14:11:36 +0000] "GET /api/products/65bb6de8ded8fccc503dbb2b HTTP/1.1" 401 30
::1 - - [07/Feb/2024:14:11:36 +0000] "GET /api/products/65bb6de8ded8fccc503dbb2b HTTP/1.1" 401 30
::1 - - [07/Feb/2024:14:11:48 +0000] "GET /api/products/65bb6de8ded8fccc503dbb3f HTTP/1.1" 401 30
::1 - - [07/Feb/2024:14:11:48 +0000] "GET /api/products/65bb6de8ded8fccc503dbb3f HTTP/1.1" 401 30
::1 - - [07/Feb/2024:14:13:22 +0000] "GET /api/products/65bb6de8ded8fccc503dbb53 HTTP/1.1" 401 30
::1 - - [07/Feb/2024:14:13:22 +0000] "GET /api/products/65bb6de8ded8fccc503dbb53 HTTP/1.1" 401 30
::1 - - [07/Feb/2024:14:14:47 +0000] "GET /api/products/65bb6de8ded8fccc503dbb2b HTTP/1.1" 401 30
::1 - - [07/Feb/2024:14:14:47 +0000] "GET /api/products/65bb6de8ded8fccc503dbb2b HTTP/1.1" 401 30
::1 - - [07/Feb/2024:14:24:54 +0000] "GET /api/products/65bb6de8ded8fccc503dbb2b HTTP/1.1" 401 30
::1 - - [07/Feb/2024:14:24:54 +0000] "GET /api/products/65bb6de8ded8fccc503dbb2b HTTP/1.1" 401 30
::1 - - [07/Feb/2024:14:25:02 +0000] "GET /api/products/65bb6de8ded8fccc503dbb2b HTTP/1.1" 401 30
::1 - - [07/Feb/2024:14:25:02 +0000] "GET /api/products/65bb6de8ded8fccc503dbb2b HTTP/1.1" 401 30
::1 - - [07/Feb/2024:14:26:51 +0000] "GET /api/products/65bb6de8ded8fccc503dbb2b HTTP/1.1" 401 30
::1 - - [07/Feb/2024:14:26:51 +0000] "GET /api/products/65bb6de8ded8fccc503dbb2b HTTP/1.1" 401 30
::1 - - [07/Feb/2024:14:27:03 +0000] "GET /api/products/65bb6de8ded8fccc503dbb2b HTTP/1.1" 401 30
::1 - - [07/Feb/2024:14:27:03 +0000] "GET /api/products/65bb6de8ded8fccc503dbb2b HTTP/1.1" 401 30
::1 - - [07/Feb/2024:14:29:02 +0000] "GET /api/products/65bb6de8ded8fccc503dbb2b HTTP/1.1" 401 30
::1 - - [07/Feb/2024:14:29:02 +0000] "GET /api/products/65bb6de8ded8fccc503dbb2b HTTP/1.1" 401 30
::1 - - [07/Feb/2024:14:30:02 +0000] "GET /api/products/65bb6de8ded8fccc503dbb2b HTTP/1.1" 401 30
::1 - - [07/Feb/2024:14:30:02 +0000] "GET /api/products/65bb6de8ded8fccc503dbb2b HTTP/1.1" 401 30
::1 - - [07/Feb/2024:14:30:05 +0000] "GET /api/products/65bb6de8ded8fccc503dbb2b HTTP/1.1" 401 30
::1 - - [07/Feb/2024:14:30:05 +0000] "GET /api/products/65bb6de8ded8fccc503dbb2b HTTP/1.1" 401 30
::1 - - [07/Feb/2024:14:30:13 +0000] "GET /api/products/65bb6de8ded8fccc503dbb2b HTTP/1.1" 401 30
::1 - - [07/Feb/2024:14:30:13 +0000] "GET /api/products/65bb6de8ded8fccc503dbb2b HTTP/1.1" 401 30
::1 - - [07/Feb/2024:14:31:12 +0000] "GET /api/products/65bb6de8ded8fccc503dbb2b HTTP/1.1" 401 30
::1 - - [07/Feb/2024:14:31:12 +0000] "GET /api/products/65bb6de8ded8fccc503dbb2b HTTP/1.1" 401 30
::1 - - [07/Feb/2024:14:34:55 +0000] "GET /api/products/:65bb6de8ded8fccc503dbb2b HTTP/1.1" 401 30
::1 - - [07/Feb/2024:14:34:55 +0000] "GET /api/products/:65bb6de8ded8fccc503dbb2b HTTP/1.1" 401 30
::1 - - [07/Feb/2024:14:35:02 +0000] "GET /api/products/:65bb6de8ded8fccc503dbb2b HTTP/1.1" 401 30
::1 - - [07/Feb/2024:14:35:02 +0000] "GET /api/products/:65bb6de8ded8fccc503dbb2b HTTP/1.1" 401 30
::1 - - [07/Feb/2024:14:35:18 +0000] "GET /api/products/:65bb6de8ded8fccc503dbb2b HTTP/1.1" 401 30
::1 - - [07/Feb/2024:14:35:18 +0000] "GET /api/products/:65bb6de8ded8fccc503dbb2b HTTP/1.1" 401 30
::1 - - [07/Feb/2024:14:35:28 +0000] "GET /api/products/65bb6de8ded8fccc503dbb2b HTTP/1.1" 401 30
::1 - - [07/Feb/2024:14:35:28 +0000] "GET /api/products/65bb6de8ded8fccc503dbb2b HTTP/1.1" 401 30
::1 - - [07/Feb/2024:14:35:32 +0000] "GET /api/products/65bb6de8ded8fccc503dbb2b HTTP/1.1" 401 30
::1 - - [07/Feb/2024:14:35:32 +0000] "GET /api/products/65bb6de8ded8fccc503dbb2b HTTP/1.1" 401 30
::1 - - [07/Feb/2024:19:24:19 +0000] "GET /api/carts HTTP/1.1" 404 38
::1 - - [07/Feb/2024:19:24:28 +0000] "GET /api/carts HTTP/1.1" 404 38
::1 - - [07/Feb/2024:19:24:28 +0000] "GET /api/carts HTTP/1.1" 404 38
::1 - - [07/Feb/2024:19:24:31 +0000] "GET /api/carts HTTP/1.1" 404 38
::1 - - [07/Feb/2024:19:24:31 +0000] "GET /api/carts HTTP/1.1" 404 38
::1 - - [07/Feb/2024:19:24:42 +0000] "GET /api/carts HTTP/1.1" 404 38
::1 - - [07/Feb/2024:19:24:42 +0000] "GET /api/carts HTTP/1.1" 404 38
::1 - - [07/Feb/2024:19:24:44 +0000] "GET /api/carts HTTP/1.1" 404 38
::1 - - [07/Feb/2024:19:24:44 +0000] "GET /api/carts HTTP/1.1" 404 38
::1 - - [07/Feb/2024:19:24:46 +0000] "GET /api/carts HTTP/1.1" 404 38
::1 - - [07/Feb/2024:19:24:46 +0000] "GET /api/carts HTTP/1.1" 404 38
::1 - - [07/Feb/2024:20:02:46 +0000] "POST /api/users HTTP/1.1" 400 568
::1 - - [07/Feb/2024:20:03:29 +0000] "POST /api/users HTTP/1.1" 400 582
::ffff:127.0.0.1 - - [07/Feb/2024:20:05:27 +0000] "POST /api/users HTTP/1.1" 400 582
::1 - - [07/Feb/2024:20:08:17 +0000] "POST /api/users HTTP/1.1" 400 19
::1 - - [07/Feb/2024:20:08:19 +0000] "POST /api/users HTTP/1.1" 400 19
::1 - - [07/Feb/2024:20:12:05 +0000] "POST /api/users HTTP/1.1" 400 576
::1 - - [07/Feb/2024:20:12:16 +0000] "POST /api/users HTTP/1.1" 400 576
::1 - - [07/Feb/2024:20:12:48 +0000] "POST /api/users HTTP/1.1" 400 19
::1 - - [07/Feb/2024:20:14:10 +0000] "POST /api/users HTTP/1.1" 400 568
