::1 - - [06/Feb/2024:09:00:35 +0000] "POST /api/orders HTTP/1.1" 400 794
::1 - - [06/Feb/2024:09:01:16 +0000] "POST /api/orders HTTP/1.1" 400 794
::1 - - [06/Feb/2024:09:02:12 +0000] "POST /api/orders HTTP/1.1" 400 794
::1 - - [06/Feb/2024:09:10:17 +0000] "POST /api/orders HTTP/1.1" 400 2
::1 - - [06/Feb/2024:09:11:47 +0000] "POST /api/orders HTTP/1.1" 404 34
::1 - - [06/Feb/2024:09:15:31 +0000] "POST /api/orders HTTP/1.1" 400 2
::1 - - [06/Feb/2024:09:15:39 +0000] "POST /api/orders HTTP/1.1" 400 2
::1 - - [06/Feb/2024:09:21:56 +0000] "POST /api/orders HTTP/1.1" 400 2
::1 - - [06/Feb/2024:09:22:52 +0000] "POST /api/orders HTTP/1.1" 400 794
::1 - - [06/Feb/2024:09:26:38 +0000] "POST /api/orders HTTP/1.1" 400 2
::1 - - [06/Feb/2024:09:28:47 +0000] "POST /api/orders HTTP/1.1" 404 25
::1 - - [06/Feb/2024:09:32:28 +0000] "POST /api/orders HTTP/1.1" 404 25
::1 - - [06/Feb/2024:09:34:40 +0000] "POST /api/orders HTTP/1.1" 400 2
::1 - - [06/Feb/2024:09:43:19 +0000] "POST /api/orders HTTP/1.1" 400 2
::1 - - [06/Feb/2024:09:44:26 +0000] "POST /api/orders HTTP/1.1" 400 2
::1 - - [06/Feb/2024:10:16:44 +0000] "POST /api/orders/deactivateOrder HTTP/1.1" 401 30
::1 - - [06/Feb/2024:10:18:05 +0000] "POST /api/orders/deactivateOrder HTTP/1.1" 401 30
::1 - - [06/Feb/2024:10:19:23 +0000] "POST /api/orders/deactivateOrder HTTP/1.1" 401 30
::1 - - [06/Feb/2024:10:29:24 +0000] "GET /api/orders/deactivateOrder HTTP/1.1" 400 2
::1 - - [06/Feb/2024:10:34:22 +0000] "POST /api/orders/deactivateOrder HTTP/1.1" 401 30
::1 - - [06/Feb/2024:10:38:37 +0000] "POST /api/orders/deactivateOrder HTTP/1.1" 401 30
::1 - - [06/Feb/2024:10:48:05 +0000] "POST /api/orders/deactivateOrder HTTP/1.1" 401 30
::1 - - [06/Feb/2024:10:49:21 +0000] "GET /api/orders/deactivateOrder HTTP/1.1" 400 2
::1 - - [06/Feb/2024:10:55:57 +0000] "POST /api/orders/deactivate HTTP/1.1" 401 30
::1 - - [06/Feb/2024:10:56:28 +0000] "POST /api/orders/deactivate HTTP/1.1" 401 30
::1 - - [06/Feb/2024:10:57:22 +0000] "POST /api/orders/deactivate HTTP/1.1" 401 30
::1 - - [06/Feb/2024:10:58:51 +0000] "POST /api/orders/deactivate HTTP/1.1" 401 30
::1 - - [06/Feb/2024:11:03:58 +0000] "GET /api/orders/deactivate HTTP/1.1" 400 2
::1 - - [06/Feb/2024:11:04:26 +0000] "GET /api/orders/deactivate HTTP/1.1" 400 2
::1 - - [06/Feb/2024:11:05:16 +0000] "GET /api/orders/deactivate HTTP/1.1" 400 2
::1 - - [06/Feb/2024:11:06:55 +0000] "GET /api/orders/deactivate HTTP/1.1" 400 2
::1 - - [06/Feb/2024:11:07:43 +0000] "GET /api/orders/deactivate HTTP/1.1" 400 2
::1 - - [06/Feb/2024:11:11:42 +0000] "GET /api/orders/deactivate HTTP/1.1" 400 2
::1 - - [06/Feb/2024:11:25:18 +0000] "GET /api/orders/deactivate HTTP/1.1" 400 2
::1 - - [06/Feb/2024:11:29:01 +0000] "POST /api/orders/deactivate HTTP/1.1" 401 30
::1 - - [06/Feb/2024:11:29:18 +0000] "POST /api/orders/deactivate HTTP/1.1" 401 30
::1 - - [06/Feb/2024:11:39:40 +0000] "GET /api/carts/deactivate HTTP/1.1" 400 2
::1 - - [06/Feb/2024:12:10:04 +0000] "GET /api/carts/deactivate HTTP/1.1" 400 2
::1 - - [06/Feb/2024:12:14:00 +0000] "GET /api/carts/deactivate HTTP/1.1" 400 2
::1 - - [06/Feb/2024:12:14:57 +0000] "GET /api/carts/deactivate HTTP/1.1" 400 2
::1 - - [06/Feb/2024:12:20:35 +0000] "GET /api/carts/deactivate HTTP/1.1" 400 2
::1 - - [06/Feb/2024:12:23:22 +0000] "GET /api/carts/deactivate HTTP/1.1" 400 2
::1 - - [06/Feb/2024:12:32:24 +0000] "GET /api/carts/deactivate HTTP/1.1" 400 2
::1 - - [06/Feb/2024:12:35:38 +0000] "GET /api/carts/deactivate HTTP/1.1" 400 2
::1 - - [06/Feb/2024:12:36:59 +0000] "GET /api/carts/deactivate HTTP/1.1" 400 2
::1 - - [06/Feb/2024:12:38:52 +0000] "GET /api/carts/deactivate HTTP/1.1" 400 2
::1 - - [06/Feb/2024:12:41:01 +0000] "GET /api/carts/deactivate HTTP/1.1" 400 2
::1 - - [06/Feb/2024:12:41:33 +0000] "GET /api/carts/deactivate HTTP/1.1" 400 2
::1 - - [06/Feb/2024:12:45:41 +0000] "GET /api/carts/deactivate HTTP/1.1" 400 2
::1 - - [06/Feb/2024:12:45:43 +0000] "GET /api/carts/deactivate HTTP/1.1" 400 2
::1 - - [06/Feb/2024:12:46:23 +0000] "GET /api/carts/deactivate HTTP/1.1" 400 2
::1 - - [06/Feb/2024:12:46:46 +0000] "GET /api/carts/deactivate HTTP/1.1" 400 2
::1 - - [06/Feb/2024:12:48:15 +0000] "GET /api/carts/deactivate HTTP/1.1" 400 2
::1 - - [06/Feb/2024:13:04:11 +0000] "GET /api/carts/deactivate HTTP/1.1" 400 2
::1 - - [06/Feb/2024:21:07:33 +0000] "GET /api/products/skincare HTTP/1.1" 400 274
::1 - - [06/Feb/2024:21:08:16 +0000] "GET /api/products/skincare HTTP/1.1" 400 274
::1 - - [06/Feb/2024:21:08:51 +0000] "GET /api/products/skincare HTTP/1.1" 400 274
::1 - - [06/Feb/2024:21:10:12 +0000] "GET /api/products/skincare HTTP/1.1" 400 274
::1 - - [06/Feb/2024:21:10:15 +0000] "GET /api/products/skincare HTTP/1.1" 400 274
::1 - - [06/Feb/2024:21:10:37 +0000] "GET /api/products/skincare HTTP/1.1" 400 274
::1 - - [06/Feb/2024:21:46:46 +0000] "GET /api/products/categories/65bb56c612fa2d0d37ea2f26 HTTP/1.1" 400 2
::1 - - [06/Feb/2024:21:52:12 +0000] "GET /api/products/categories/groceries HTTP/1.1" 400 265
::1 - - [06/Feb/2024:21:52:12 +0000] "GET /api/products/categories/groceries HTTP/1.1" 400 265
::1 - - [06/Feb/2024:21:52:15 +0000] "GET /api/products/categories/womens-dresses HTTP/1.1" 400 280
::1 - - [06/Feb/2024:21:52:15 +0000] "GET /api/products/categories/womens-dresses HTTP/1.1" 400 280
