::1 - - [03/Feb/2024:22:00:02 +0000] "POST /api/carts HTTP/1.1" 400 2
::1 - - [03/Feb/2024:22:01:01 +0000] "POST /api/carts HTTP/1.1" 400 2
::1 - - [03/Feb/2024:22:01:31 +0000] "POST /api/carts HTTP/1.1" 400 2
::1 - - [03/Feb/2024:22:01:52 +0000] "POST /api/carts HTTP/1.1" 400 2
::1 - - [03/Feb/2024:22:02:32 +0000] "POST /api/carts HTTP/1.1" 400 2
::1 - - [03/Feb/2024:22:06:23 +0000] "POST /api/carts HTTP/1.1" 400 2
::1 - - [03/Feb/2024:22:09:07 +0000] "POST /api/carts HTTP/1.1" 400 42
::1 - - [03/Feb/2024:22:14:16 +0000] "POST /api/carts HTTP/1.1" 400 2
::1 - - [04/Feb/2024:08:25:54 +0000] "POST /api/carts HTTP/1.1" 400 2
::1 - - [04/Feb/2024:08:26:16 +0000] "POST /api/carts HTTP/1.1" 400 2
::1 - - [04/Feb/2024:08:30:58 +0000] "POST /api/carts HTTP/1.1" 400 2
::1 - - [04/Feb/2024:08:32:45 +0000] "POST /api/carts HTTP/1.1" 400 2
::1 - - [04/Feb/2024:08:33:23 +0000] "POST /api/carts HTTP/1.1" 400 2
::1 - - [04/Feb/2024:08:43:45 +0000] "POST /api/carts HTTP/1.1" 400 334
::1 - - [04/Feb/2024:08:44:42 +0000] "POST /api/carts HTTP/1.1" 400 334
::1 - - [04/Feb/2024:08:45:48 +0000] "POST /api/carts HTTP/1.1" 400 334
::1 - - [04/Feb/2024:08:53:47 +0000] "POST /api/wishList HTTP/1.1" 404 152
::1 - - [04/Feb/2024:10:02:49 +0000] "POST /api/wishList HTTP/1.1" 404 58
::1 - - [04/Feb/2024:10:04:15 +0000] "POST /api/wishList HTTP/1.1" 404 58
::1 - - [04/Feb/2024:10:05:57 +0000] "POST /api/wishList HTTP/1.1" 404 58
::1 - - [04/Feb/2024:10:12:34 +0000] "POST /api/carts HTTP/1.1" 400 2
::1 - - [04/Feb/2024:10:18:32 +0000] "POST /api/wishList HTTP/1.1" 404 58
::1 - - [04/Feb/2024:10:19:14 +0000] "POST /api/wishlist HTTP/1.1" 404 58
::1 - - [04/Feb/2024:10:22:17 +0000] "POST /api/wishlist HTTP/1.1" 404 58
::1 - - [04/Feb/2024:10:24:33 +0000] "POST /api/wishlist HTTP/1.1" 404 58
::1 - - [04/Feb/2024:10:28:29 +0000] "POST /api/wishlist HTTP/1.1" 404 58
::1 - - [04/Feb/2024:10:34:30 +0000] "POST /api/wishlist HTTP/1.1" 400 2
::1 - - [04/Feb/2024:10:35:06 +0000] "POST /api/wishlist HTTP/1.1" 400 2
::1 - - [04/Feb/2024:10:35:19 +0000] "POST /api/wishlist HTTP/1.1" 400 2
::1 - - [04/Feb/2024:10:44:49 +0000] "POST /api/wishlist HTTP/1.1" 404 58
::1 - - [04/Feb/2024:10:45:24 +0000] "POST /api/wishlist HTTP/1.1" 404 58
::1 - - [04/Feb/2024:10:56:06 +0000] "PUT /api/carts/65bb6de8ded8fccc503dbb26 HTTP/1.1" 400 2
::1 - - [04/Feb/2024:10:56:08 +0000] "PUT /api/carts/65bb6de8ded8fccc503dbb26 HTTP/1.1" 400 2
::1 - - [04/Feb/2024:10:56:09 +0000] "PUT /api/carts/65bb6de8ded8fccc503dbb26 HTTP/1.1" 400 2
::1 - - [04/Feb/2024:10:56:10 +0000] "PUT /api/carts/65bb6de8ded8fccc503dbb26 HTTP/1.1" 400 2
::1 - - [04/Feb/2024:10:56:13 +0000] "PUT /api/carts/65bb6de8ded8fccc503dbb28 HTTP/1.1" 400 2
::1 - - [04/Feb/2024:10:56:18 +0000] "PUT /api/carts/65bb6de8ded8fccc503dbb26 HTTP/1.1" 400 2
::1 - - [04/Feb/2024:10:56:28 +0000] "PUT /api/carts/65bb6de8ded8fccc503dbb26 HTTP/1.1" 400 2
::1 - - [04/Feb/2024:11:02:32 +0000] "PUT /api/carts/65bb6de8ded8fccc503dbb26 HTTP/1.1" 400 2
::1 - - [04/Feb/2024:13:24:58 +0000] "PUT /api/carts/65bb6de8ded8fccc503dbb26 HTTP/1.1" 400 2
::1 - - [04/Feb/2024:14:33:02 +0000] "PUT /api/carts/65bb6de8ded8fccc503dbb26 HTTP/1.1" 400 2
::1 - - [04/Feb/2024:14:35:54 +0000] "PUT /api/carts/65bb6de8ded8fccc503dbb26 HTTP/1.1" 400 2
::1 - - [04/Feb/2024:14:51:15 +0000] "PUT /api/carts/65bb6de8ded8fccc503dbb26 HTTP/1.1" 400 2
::1 - - [04/Feb/2024:14:55:57 +0000] "PUT /api/carts/65bb6de8ded8fccc503dbb26 HTTP/1.1" 400 2
::1 - - [04/Feb/2024:14:59:48 +0000] "DELETE /api/carts/65bb6de8ded8fccc503dbb22 HTTP/1.1" 400 2
::1 - - [04/Feb/2024:15:05:22 +0000] "DELETE /api/carts/65bb6de8ded8fccc503dbb22 HTTP/1.1" 400 2
::1 - - [04/Feb/2024:15:06:42 +0000] "DELETE /api/carts/65bb6de8ded8fccc503dbb22 HTTP/1.1" 400 2
::1 - - [04/Feb/2024:15:06:53 +0000] "DELETE /api/carts/65bb6de8ded8fccc503dbb22 HTTP/1.1" 400 2
::1 - - [04/Feb/2024:15:07:46 +0000] "DELETE /api/carts/65bb6de8ded8fccc503dbb22 HTTP/1.1" 400 2
::1 - - [04/Feb/2024:19:55:43 +0000] "DELETE /api/carts/65bb6de8ded8fccc503dbb27 HTTP/1.1" 404 29
::1 - - [04/Feb/2024:20:09:25 +0000] "DELETE /api/carts/65bb6de8ded8fccc503dbb32 HTTP/1.1" 404 29
::1 - - [04/Feb/2024:20:11:50 +0000] "DELETE /api/carts/65bb6de8ded8fccc503dbb21 HTTP/1.1" 404 29
